# CHANGELOG #

## 2016-09-06 ##
	1. 로그인 페이지, 회원 가입 페이지 생성
	2. 학교를 어떻게 구별할지에 대한 해결법 필요

## 2016-09-06 [2] ##
	1. Confirm Alert 추가

## 2016-09-07 ## 
	1. 오토 로그인 준비중...
	2. shared preference 설정

## 2016-09-08 ##
	1. 로그인 성공...? (확인 한번만됨)
	2. 오토로그인 완성 (확인 않됨)
	3. Shared Perference 사용

## 2016-09-09 ##
	1. Config 클래스 생성(기본값들 설정)
	2. 몇몇 오류 개선(로그인 관련)
	3. School Data 최적화
	4. 로그인 부분 거의 Config값을 이용한  계산식으로 변경

## 2016-09-09 [2] ##
	1. 오류 수정...
	2. 몇몇 기본값 수정

## 2016-09-21 ##
	1. 회원가입시 학교 정보 설정 UI 추가

## 2016-09-23 ##
	1. 추가 데이터 저장소 추가
	2. 로그인시 타이틀이 닉네임으로 변경

## 2016-10-04 ##
	1. 회원가입시 학교 설정이 아닌 로그인 후로 변경
	2. 일부 부분 수정

## 2016-10-05 ##
	1. 진행하는 동안 progressDialog 추가
	2. 학교 설정웹 수정
	3. 학교 설정 작동확인

## 2016-10-06 ## 
	1. 게시판 관련 항목들 추가중

## 2016-10-07 ##
	1. 게시판 뷰어 리사이클 뷰 간격 수정
	2. 검색 패널 추가
	3. fab를 통해서 게시글 업로드 (아직 업로드까지는 구현 않됨)
	4. Setschool data list 변경
	5. 테스트 코드 추가

## 2016-10-16 ##
    1. 게시판 내용 파싱 성공

## 2016-10-20 ##
	1. 댓글 파싱 및 출력
	2. 게시글에 이미지 없을 경우 처리

## 2016-10-31 ##
	1. 게시글 출력 확인
	2. 게시글 업로드 및 댓글 업로드 수정중

## BACKUP ##
	1. 임시 백업 

## 2016-11-07 ##
	1. 게시글 업로드 웹뷰로 처리
	2. 댓글 업로드 수정

## 2016-11-08 ##
	1. 댓글 업로드 성공
	2. 댓글 업로드후 데이터 다시로드

## 2016-11-09 ##
	1. 다시 댓글 에러 발생 Java 스크립트 수정 필요
	2. 업로드후 작업 변경

## 2016-11-11 ##
	1. 댓글 버그 수정
	2. 업로드후 Doc 다시로드해서 댓글 동기화 문제 해결
	3. 필요없는 라이브러리 제거 
